Shutdown 	Вто Ноя 22 14:56:56 EET 2016
Start 		Вто Ноя 22 14:56:59 EET 2016
Shutdown 	Вто Ноя 29 14:33:52 EET 2016
Start 		Вто Ноя 29 14:33:52 EET 2016
Shutdown 	Вто Ноя 29 15:05:56 EET 2016
Start 		Вто Ноя 29 15:05:56 EET 2016
Shutdown 	Птн Дек 16 18:49:42 EET 2016
Start 		Птн Дек 16 18:49:42 EET 2016
Shutdown 	Срд Дек 21 12:07:38 EET 2016
Start 		Срд Дек 21 12:07:39 EET 2016
Shutdown 	Вто Дек 27 11:55:09 EET 2016
Start 		Вто Дек 27 11:55:10 EET 2016
Start 		Вто Дек 27 14:51:03 EET 2016
Shutdown 	Вто Дек 27 14:51:03 EET 2016
Shutdown 	Вто Янв 10 12:37:30 EET 2017
Start 		Вто Янв 10 12:37:31 EET 2017
Shutdown 	Вто Янв 10 14:25:54 EET 2017
Start 		Вто Янв 10 14:25:54 EET 2017
Shutdown 	Вто Янв 10 18:01:32 EET 2017
Start 		Вто Янв 10 18:01:32 EET 2017
Shutdown 	Срд Янв 11 09:05:31 EET 2017
Start 		Срд Янв 11 09:05:32 EET 2017
Shutdown 	Чтв Янв 12 10:25:28 EET 2017
Start 		Чтв Янв 12 10:25:28 EET 2017
Shutdown 	Чтв Янв 12 10:26:36 EET 2017
Start 		Чтв Янв 12 10:26:37 EET 2017
Shutdown 	Чтв Янв 12 12:43:09 EET 2017
Start 		Чтв Янв 12 12:43:10 EET 2017
Shutdown 	Чтв Янв 12 15:39:03 EET 2017
Start 		Чтв Янв 12 15:39:03 EET 2017
Shutdown 	Чтв Янв 12 15:48:44 EET 2017
Start 		Чтв Янв 12 15:48:44 EET 2017
Shutdown 	Чтв Янв 12 16:51:42 EET 2017
Start 		Чтв Янв 12 16:51:43 EET 2017
Shutdown 	Пнд Янв 16 09:46:30 EET 2017
Start 		Пнд Янв 16 09:46:31 EET 2017
Shutdown 	Вто Янв 17 10:35:37 EET 2017
Start 		Вто Янв 17 10:35:37 EET 2017
Shutdown 	Чтв Фев  2 22:11:24 EET 2017
Start 		Чтв Фев  2 22:11:24 EET 2017
Shutdown 	Срд Фев  8 22:10:11 EET 2017
Start 		Срд Фев  8 22:10:11 EET 2017
Shutdown 	Чтв Фев 23 08:43:18 EET 2017
Start 		Чтв Фев 23 08:43:18 EET 2017
Shutdown 	Пнд Апр 10 08:52:23 EEST 2017
Start 		Пнд Апр 10 08:52:24 EEST 2017
Shutdown 	Вто Май  2 10:46:19 EEST 2017
Start 		Вто Май  2 10:46:19 EEST 2017
Shutdown 	Птн Май 12 09:06:45 EEST 2017
Start 		Птн Май 12 09:06:45 EEST 2017
Shutdown 	Вск Май 28 14:55:52 EEST 2017
Start 		Вск Май 28 14:55:52 EEST 2017
